<?xml version="1.0" encoding="UTF-8"?>
<!-- Generated by org.testng.reporters.JUnitXMLReporter -->
<testsuite hostname="DESKTOP-6DRS0JN" failures="1" tests="1" name="iPhoneSafariTest" time="324.74" errors="0" timestamp="22 Feb 2022 03:13:48 GMT">
  <testcase classname="org.quote.mobileMDATests.CarInsuranceCompanies" name="validate_SiteURLs" time="291.372">
    <failure type="java.lang.AssertionError" message="WebDriverException occured : ">
      <![CDATA[java.lang.AssertionError: WebDriverException occured : 
	at org.quote.mobileMDATests.CarInsuranceCompanies.validate_SiteURLs(CarInsuranceCompanies.java:109)
Caused by: org.openqa.selenium.ElementNotVisibleException: Element is not currently visible and may not be manipulated (WARNING: The server did not provide any stacktrace information)
Command duration or timeout: 0 milliseconds
Build info: version: '3.141.59', revision: 'e82be7d358', time: '2018-11-14T08:17:03'
System info: host: 'DESKTOP-6DRS0JN', ip: '10.168.10.6', os.name: 'Windows 10', os.arch: 'amd64', os.version: '10.0', java.version: '16.0.1'
Driver info: io.appium.java_client.ios.IOSDriver
Capabilities {additionalWebviewBundleIds: [com.apple.mobilesafari], autoAcceptAlerts: true, autoWebview: true, automationName: XCUITest, browserName: Safari, databaseEnabled: false, derivedDataPath: /opt/cbt/wda_builds/appium_..., deviceName: iPhone, includeSafariInWebviews: true, javascriptEnabled: true, locationContextEnabled: false, maxInstances: 1, nativeWebTap: true, networkConnectionEnabled: false, newCommandTimeout: 600, orientation: PORTRAIT, platform: IOS, platformName: iOS, platformVersion: 12, safariAllowPopups: true, safariIgnoreFraudWarning: true, safariLogAllCommunication: true, safariOpenLinksInBackground: true, showXcodeLog: true, startIWDP: true, takesScreenshot: true, udid: 00008020-001215A80E2A002E, usePrebuiltWDA: true, version: 12.1, waitForQuiescence: true, wdaLocalPort: 21640, webStorageEnabled: false, webkitDebugProxyPort: 14640, xcodeConfigFile: /opt/cbt/appium/LaunchOptio...}
Session ID: 5c070416-e3a9-4a0b-ae38-95d5786198b2
	at org.openqa.selenium.remote.ErrorHandler.createThrowable(ErrorHandler.java:214)
	at org.openqa.selenium.remote.ErrorHandler.throwIfResponseFailed(ErrorHandler.java:166)
	at org.openqa.selenium.remote.http.JsonHttpResponseCodec.reconstructValue(JsonHttpResponseCodec.java:40)
	at org.openqa.selenium.remote.http.AbstractHttpResponseCodec.decode(AbstractHttpResponseCodec.java:80)
	at org.openqa.selenium.remote.http.AbstractHttpResponseCodec.decode(AbstractHttpResponseCodec.java:44)
	at org.openqa.selenium.remote.HttpCommandExecutor.execute(HttpCommandExecutor.java:158)
	at io.appium.java_client.remote.AppiumCommandExecutor.execute(AppiumCommandExecutor.java:250)
	at org.openqa.selenium.remote.RemoteWebDriver.execute(RemoteWebDriver.java:552)
	at io.appium.java_client.DefaultGenericMobileDriver.execute(DefaultGenericMobileDriver.java:41)
	at io.appium.java_client.AppiumDriver.execute(AppiumDriver.java:1)
	at io.appium.java_client.ios.IOSDriver.execute(IOSDriver.java:1)
	at org.openqa.selenium.remote.RemoteWebElement.execute(RemoteWebElement.java:285)
	at io.appium.java_client.DefaultGenericMobileElement.execute(DefaultGenericMobileElement.java:45)
	at io.appium.java_client.MobileElement.execute(MobileElement.java:1)
	at io.appium.java_client.ios.IOSElement.execute(IOSElement.java:1)
	at org.openqa.selenium.remote.RemoteWebElement.sendKeys(RemoteWebElement.java:106)
	at org.quote.MdaTypes.ProcessCBTMDA.processMobileHeaderMDA(ProcessCBTMDA.java:528)
	at org.quote.mobileMDATests.CarInsuranceCompanies.validate_headerMDA(CarInsuranceCompanies.java:136)
	at org.quote.mobileMDATests.CarInsuranceCompanies.validate_SiteURLs(CarInsuranceCompanies.java:80)
	... 24 more
... Removed 30 stack frames]]>
    </failure>
  </testcase> <!-- validate_SiteURLs -->
</testsuite> <!-- iPhoneSafariTest -->
